<?xml version="1.0" encoding="UTF-8"?>
<!-- Generated by org.testng.reporters.JUnitReportReporter -->
<testsuite hostname="Mona-Jha" failures="0" tests="1" name="test.TestClass" time="29.752" errors="0" timestamp="09 Sep 2022 13:36:40 GMT" skipped="0">
  <testcase classname="test.TestClass" name="link_1" time="29.752"/>
</testsuite> <!-- test.TestClass -->
